[0] [13:22:55 17-12-22] [LOGGER] -- : checking log files
[1] [13:22:55 17-12-22] [CORE] -- : log files are checked
[2] [13:22:55 17-12-22] [CORE] -- : Machine started
[3] [13:22:58 17-12-22] [CREATE_PROTOCOL] -- : Protocol successfully created
[4] [13:22:58 17-12-22] [CORE] -- : Processing successfully completed
[5] [13:22:58 17-12-22] [LOGIN] -- : trying to login
[6] [13:23:13 17-12-22] [LOGIN] -- : successfully logged in
[7] [13:23:13 17-12-22] [MODES] -- : [Auto] mode is turned on
[8] [13:23:13 17-12-22] [GRABBER] -- : Searching in hashtags [#test]
[9] [13:23:16 17-12-22] [GRABBER] -- : Searching in hashtags [#car]
[10] [13:23:19 17-12-22] [GRABBER] -- : Searching in hashtags [#sky]
[11] [13:23:22 17-12-22] [GRABBER] -- : Searching in hashtags [#blue]
[12] [13:23:25 17-12-22] [GRABBER] -- : Searching in hashtags [#music]
[13] [13:23:28 17-12-22] [GRABBER] -- : Total grabbed users(618) & Total grabbed medias(309)
[14] [13:23:28 17-12-22] [GRABBER] -- : Trying to get user (1120595677) information
[15] [13:23:35 17-12-22] [ACTIONS] -- : trying to follow a user [1120595677]
[16] [13:23:35 17-12-22] [LOGIN] -- : checking loging status
[17] [13:24:06 17-12-22] [GRABBER] -- : Trying to get user (483987382) information
[18] [13:24:25 17-12-22] [ACTIONS] -- : trying to follow a user [483987382]
[19] [13:24:25 17-12-22] [LOGIN] -- : checking loging status
[20] [13:24:55 17-12-22] [GRABBER] -- : Trying to get user (2756533863) information
[21] [13:25:13 17-12-22] [ACTIONS] -- : trying to follow a user [2756533863]
[22] [13:25:13 17-12-22] [LOGIN] -- : checking loging status
[23] [13:25:44 17-12-22] [GRABBER] -- : Trying to get user (300701935) information
[24] [13:26:02 17-12-22] [ACTIONS] -- : trying to follow a user [300701935]
[25] [13:26:02 17-12-22] [LOGIN] -- : checking loging status
[26] [13:26:33 17-12-22] [GRABBER] -- : Trying to get user (1283197487) information
[27] [13:26:51 17-12-22] [ACTIONS] -- : trying to follow a user [1283197487]
[28] [13:26:51 17-12-22] [LOGIN] -- : checking loging status
[29] [13:27:24 17-12-22] [GRABBER] -- : Trying to get user (2485494126) information
[30] [13:27:43 17-12-22] [ACTIONS] -- : trying to follow a user [2485494126]
[31] [13:27:43 17-12-22] [LOGIN] -- : checking loging status
[32] [13:28:14 17-12-22] [GRABBER] -- : Trying to get user (1130758597) information
[33] [13:28:32 17-12-22] [ACTIONS] -- : trying to follow a user [1130758597]
[34] [13:28:32 17-12-22] [LOGIN] -- : checking loging status
[35] [13:29:04 17-12-22] [GRABBER] -- : Trying to get user (1191093040) information
[36] [13:29:17 17-12-22] [ACTIONS] -- : trying to follow a user [1191093040]
[37] [13:29:17 17-12-22] [LOGIN] -- : checking loging status
[38] [13:29:48 17-12-22] [GRABBER] -- : Trying to get user (5923287187) information
[39] [13:29:58 17-12-22] [ACTIONS] -- : trying to follow a user [5923287187]
[40] [13:29:58 17-12-22] [LOGIN] -- : checking loging status
[41] [13:30:29 17-12-22] [GRABBER] -- : Trying to get user (1219387593) information
[42] [13:30:41 17-12-22] [ACTIONS] -- : trying to follow a user [1219387593]
[43] [13:30:41 17-12-22] [LOGIN] -- : checking loging status
[44] [13:31:12 17-12-22] [GRABBER] -- : Trying to get user (657330161) information
[45] [13:31:22 17-12-22] [ACTIONS] -- : trying to follow a user [657330161]
[46] [13:31:22 17-12-22] [LOGIN] -- : checking loging status
[47] [13:31:23 17-12-22] [GRABBER] -- : Trying to get user (5518672529) information
[48] [13:31:25 17-12-22] [GRABBER] -- : Trying to get user (5941299738) information
[49] [13:31:27 17-12-22] [GRABBER] -- : Trying to get user (2042089933) information
[50] [13:31:29 17-12-22] [GRABBER] -- : Trying to get user (178082075) information
[51] [13:31:31 17-12-22] [GRABBER] -- : Trying to get user (6784598511) information
[52] [13:31:33 17-12-22] [GRABBER] -- : Trying to get user (4092954417) information
[53] [13:31:35 17-12-22] [GRABBER] -- : Trying to get user (4141444764) information
[54] [13:31:37 17-12-22] [GRABBER] -- : Trying to get user (2042089933) information
[55] [13:31:39 17-12-22] [GRABBER] -- : Trying to get user (1933224242) information
[56] [13:31:41 17-12-22] [GRABBER] -- : Trying to get user (1187967866) information
[57] [13:31:43 17-12-22] [GRABBER] -- : Trying to get user (2115976400) information
[58] [13:31:45 17-12-22] [GRABBER] -- : Trying to get user (6743679409) information
[59] [13:31:47 17-12-22] [GRABBER] -- : Trying to get user (39861928) information
[60] [13:31:49 17-12-22] [GRABBER] -- : Trying to get user (1386306466) information
[61] [13:31:51 17-12-22] [GRABBER] -- : Trying to get user (2229147040) information
[62] [13:31:53 17-12-22] [GRABBER] -- : Trying to get user (3451315650) information
[63] [13:31:56 17-12-22] [GRABBER] -- : Trying to get user (6458812770) information
[64] [13:31:58 17-12-22] [GRABBER] -- : Trying to get user (281127905) information
[65] [13:32:00 17-12-22] [GRABBER] -- : Trying to get user (1574746944) information
[66] [13:32:02 17-12-22] [GRABBER] -- : Trying to get user (12157850) information
[67] [13:32:04 17-12-22] [GRABBER] -- : Trying to get user (4075701387) information
[68] [13:32:06 17-12-22] [GRABBER] -- : Trying to get user (252690367) information
[69] [13:32:08 17-12-22] [GRABBER] -- : Trying to get user (1564937801) information
[70] [13:32:10 17-12-22] [GRABBER] -- : Trying to get user (3135322242) information
[71] [13:32:12 17-12-22] [GRABBER] -- : Trying to get user (28982213) information
[72] [13:32:14 17-12-22] [GRABBER] -- : Trying to get user (5885756312) information
[73] [13:32:16 17-12-22] [GRABBER] -- : Trying to get user (1308839982) information
[74] [13:32:18 17-12-22] [GRABBER] -- : Trying to get user (3232221373) information
[75] [13:32:20 17-12-22] [GRABBER] -- : Trying to get user (6370374362) information
[76] [13:32:24 17-12-22] [GRABBER] -- : Trying to get user (1338637169) information
[77] [13:32:26 17-12-22] [GRABBER] -- : Trying to get user (5352731482) information
[78] [13:32:28 17-12-22] [GRABBER] -- : Trying to get user (6602295630) information
[79] [13:32:30 17-12-22] [GRABBER] -- : Trying to get user (2291896656) information
[80] [13:32:32 17-12-22] [GRABBER] -- : Trying to get user (1912529595) information
[81] [13:32:34 17-12-22] [GRABBER] -- : Trying to get user (52533406) information
[82] [13:32:36 17-12-22] [GRABBER] -- : Trying to get user (240114730) information
[83] [13:32:38 17-12-22] [GRABBER] -- : Trying to get user (3641153752) information
[84] [13:32:40 17-12-22] [GRABBER] -- : Trying to get user (1504948864) information
[85] [13:32:42 17-12-22] [GRABBER] -- : Trying to get user (2042192292) information
[86] [13:32:44 17-12-22] [GRABBER] -- : Trying to get user (1619910541) information
[87] [13:32:46 17-12-22] [GRABBER] -- : Trying to get user (2042192292) information
[88] [13:32:48 17-12-22] [GRABBER] -- : Trying to get user (1418342280) information
[89] [13:32:50 17-12-22] [GRABBER] -- : Trying to get user (2007126202) information
[90] [13:32:52 17-12-22] [GRABBER] -- : Trying to get user (4371593528) information
[91] [13:32:54 17-12-22] [GRABBER] -- : Trying to get user (4371593528) information
[92] [13:32:56 17-12-22] [GRABBER] -- : Trying to get user (3036380056) information
[93] [13:32:58 17-12-22] [GRABBER] -- : Trying to get user (4263765370) information
[94] [13:33:00 17-12-22] [GRABBER] -- : Trying to get user (1120595677) information
[95] [13:33:02 17-12-22] [GRABBER] -- : Trying to get user (483987382) information
[96] [13:33:04 17-12-22] [GRABBER] -- : Trying to get user (2756533863) information
[97] [13:33:06 17-12-22] [GRABBER] -- : Trying to get user (300701935) information
[98] [13:33:08 17-12-22] [GRABBER] -- : Trying to get user (1283197487) information
[99] [13:33:10 17-12-22] [GRABBER] -- : Trying to get user (2485494126) information
[100] [13:33:12 17-12-22] [GRABBER] -- : Trying to get user (1130758597) information
[101] [13:33:15 17-12-22] [GRABBER] -- : Trying to get user (1191093040) information
[102] [13:33:17 17-12-22] [GRABBER] -- : Trying to get user (5923287187) information
[103] [13:33:19 17-12-22] [GRABBER] -- : Trying to get user (1219387593) information
[104] [13:33:21 17-12-22] [GRABBER] -- : Trying to get user (657330161) information
[105] [13:33:23 17-12-22] [GRABBER] -- : Trying to get user (5518672529) information
[106] [13:33:25 17-12-22] [GRABBER] -- : Trying to get user (5941299738) information
[107] [13:33:27 17-12-22] [GRABBER] -- : Trying to get user (2042089933) information
[108] [13:33:29 17-12-22] [GRABBER] -- : Trying to get user (178082075) information
[109] [13:33:31 17-12-22] [GRABBER] -- : Trying to get user (6784598511) information
[110] [13:33:33 17-12-22] [GRABBER] -- : Trying to get user (4092954417) information
[111] [13:33:35 17-12-22] [GRABBER] -- : Trying to get user (4141444764) information
[112] [13:33:37 17-12-22] [GRABBER] -- : Trying to get user (2042089933) information
[113] [13:33:39 17-12-22] [GRABBER] -- : Trying to get user (1933224242) information
[114] [13:33:41 17-12-22] [GRABBER] -- : Trying to get user (1187967866) information
[115] [13:33:43 17-12-22] [GRABBER] -- : Trying to get user (2115976400) information
[116] [13:33:45 17-12-22] [GRABBER] -- : Trying to get user (6743679409) information
[117] [13:33:47 17-12-22] [GRABBER] -- : Trying to get user (39861928) information
[118] [13:33:49 17-12-22] [GRABBER] -- : Trying to get user (1386306466) information
[119] [13:33:51 17-12-22] [GRABBER] -- : Trying to get user (2229147040) information
[120] [13:33:53 17-12-22] [GRABBER] -- : Trying to get user (3451315650) information
[121] [13:33:55 17-12-22] [GRABBER] -- : Trying to get user (6458812770) information
[122] [13:33:57 17-12-22] [GRABBER] -- : Trying to get user (281127905) information
[123] [13:33:59 17-12-22] [GRABBER] -- : Trying to get user (1574746944) information
[124] [13:34:01 17-12-22] [GRABBER] -- : Trying to get user (12157850) information
[125] [13:34:03 17-12-22] [GRABBER] -- : Trying to get user (4075701387) information
[126] [13:34:05 17-12-22] [GRABBER] -- : Trying to get user (252690367) information
[127] [13:34:07 17-12-22] [GRABBER] -- : Trying to get user (1564937801) information
[128] [13:34:09 17-12-22] [GRABBER] -- : Trying to get user (3135322242) information
[129] [13:34:11 17-12-22] [GRABBER] -- : Trying to get user (28982213) information
[130] [13:34:13 17-12-22] [GRABBER] -- : Trying to get user (5885756312) information
[131] [13:34:15 17-12-22] [GRABBER] -- : Trying to get user (1308839982) information
[132] [13:34:17 17-12-22] [GRABBER] -- : Trying to get user (3232221373) information
[133] [13:34:19 17-12-22] [GRABBER] -- : Trying to get user (6370374362) information
[134] [13:34:22 17-12-22] [GRABBER] -- : Trying to get user (1338637169) information
[135] [13:34:24 17-12-22] [GRABBER] -- : Trying to get user (5352731482) information
[136] [13:34:26 17-12-22] [GRABBER] -- : Trying to get user (6602295630) information
[137] [13:34:28 17-12-22] [GRABBER] -- : Trying to get user (2291896656) information
[138] [13:34:30 17-12-22] [GRABBER] -- : Trying to get user (1912529595) information
[139] [13:34:32 17-12-22] [GRABBER] -- : Trying to get user (52533406) information
[140] [13:34:34 17-12-22] [GRABBER] -- : Trying to get user (240114730) information
[141] [13:34:36 17-12-22] [GRABBER] -- : Trying to get user (3641153752) information
[142] [13:34:38 17-12-22] [GRABBER] -- : Trying to get user (1504948864) information
[143] [13:34:40 17-12-22] [GRABBER] -- : Trying to get user (2042192292) information
[144] [13:34:42 17-12-22] [GRABBER] -- : Trying to get user (1619910541) information
[145] [13:34:44 17-12-22] [GRABBER] -- : Trying to get user (2042192292) information
[146] [13:34:46 17-12-22] [GRABBER] -- : Trying to get user (1418342280) information
[147] [13:34:48 17-12-22] [GRABBER] -- : Trying to get user (2007126202) information
[148] [13:34:50 17-12-22] [GRABBER] -- : Trying to get user (4371593528) information
[149] [13:34:52 17-12-22] [GRABBER] -- : Trying to get user (4371593528) information
[150] [13:34:54 17-12-22] [GRABBER] -- : Trying to get user (3036380056) information
[151] [13:34:56 17-12-22] [GRABBER] -- : Trying to get user (4263765370) information
[152] [13:34:58 17-12-22] [GRABBER] -- : Trying to get user (5575362385) information
[153] [13:35:00 17-12-22] [GRABBER] -- : Trying to get user (3079494501) information
[154] [13:35:02 17-12-22] [GRABBER] -- : Trying to get user (6671818127) information
[155] [13:35:04 17-12-22] [GRABBER] -- : Trying to get user (6213920619) information
[156] [13:35:06 17-12-22] [GRABBER] -- : Trying to get user (1316483915) information
[157] [13:35:08 17-12-22] [GRABBER] -- : Trying to get user (6313043123) information
[158] [13:35:10 17-12-22] [GRABBER] -- : Trying to get user (6139332984) information
[159] [13:35:12 17-12-22] [GRABBER] -- : Trying to get user (279103814) information
[160] [13:35:14 17-12-22] [GRABBER] -- : Trying to get user (176475390) information
[161] [13:35:16 17-12-22] [GRABBER] -- : Trying to get user (2071686804) information
[162] [13:35:18 17-12-22] [GRABBER] -- : Trying to get user (775619382) information
[163] [13:35:20 17-12-22] [GRABBER] -- : Trying to get user (2302190334) information
[164] [13:35:22 17-12-22] [GRABBER] -- : Trying to get user (1820212325) information
[165] [13:35:24 17-12-22] [GRABBER] -- : Trying to get user (4175810324) information
[166] [13:35:26 17-12-22] [GRABBER] -- : Trying to get user (311859162) information
[167] [13:35:28 17-12-22] [GRABBER] -- : Trying to get user (2260601822) information
[168] [13:35:30 17-12-22] [GRABBER] -- : Trying to get user (2504024099) information
[169] [13:35:32 17-12-22] [GRABBER] -- : Trying to get user (6444929458) information
[170] [13:35:34 17-12-22] [GRABBER] -- : Trying to get user (3595396933) information
[171] [13:35:36 17-12-22] [GRABBER] -- : Trying to get user (2108445768) information
[172] [13:35:38 17-12-22] [GRABBER] -- : Trying to get user (5003815095) information
[173] [13:35:40 17-12-22] [GRABBER] -- : Trying to get user (257757) information
[174] [13:35:42 17-12-22] [GRABBER] -- : Trying to get user (1595121148) information
[175] [13:35:44 17-12-22] [GRABBER] -- : Trying to get user (6139332984) information
[176] [13:35:46 17-12-22] [GRABBER] -- : Trying to get user (6749058108) information
[177] [13:35:48 17-12-22] [GRABBER] -- : Trying to get user (6341379165) information
[178] [13:35:50 17-12-22] [GRABBER] -- : Trying to get user (6391467280) information
[179] [13:35:52 17-12-22] [GRABBER] -- : Trying to get user (55356049) information
[180] [13:35:54 17-12-22] [GRABBER] -- : Trying to get user (2066974987) information
[181] [13:35:56 17-12-22] [GRABBER] -- : Trying to get user (6443724365) information
[182] [13:35:58 17-12-22] [GRABBER] -- : Trying to get user (1503839959) information
[183] [13:36:00 17-12-22] [GRABBER] -- : Trying to get user (6041490) information
[184] [13:36:02 17-12-22] [GRABBER] -- : Trying to get user (2135902816) information
[185] [13:36:04 17-12-22] [GRABBER] -- : Trying to get user (6226894424) information
[186] [13:36:06 17-12-22] [GRABBER] -- : Trying to get user (4332757080) information
[187] [13:36:08 17-12-22] [GRABBER] -- : Trying to get user (2135902816) information
[188] [13:36:10 17-12-22] [GRABBER] -- : Trying to get user (1775999675) information
[189] [13:36:12 17-12-22] [GRABBER] -- : Trying to get user (588377688) information
[190] [13:36:14 17-12-22] [GRABBER] -- : Trying to get user (604703203) information
[191] [13:36:16 17-12-22] [GRABBER] -- : Trying to get user (3637230321) information
[192] [13:36:18 17-12-22] [GRABBER] -- : Trying to get user (6159493650) information
[193] [13:36:20 17-12-22] [GRABBER] -- : Trying to get user (362830794) information
[194] [13:36:22 17-12-22] [GRABBER] -- : Trying to get user (4328421312) information
[195] [13:36:24 17-12-22] [GRABBER] -- : Trying to get user (2135902816) information
[196] [13:36:26 17-12-22] [GRABBER] -- : Trying to get user (1838438250) information
[197] [13:36:28 17-12-22] [GRABBER] -- : Trying to get user (1687669313) information
[198] [13:36:31 17-12-22] [GRABBER] -- : Trying to get user (2074496200) information
[199] [13:36:33 17-12-22] [GRABBER] -- : Trying to get user (1785157925) information
[200] [13:36:35 17-12-22] [GRABBER] -- : Trying to get user (639602898) information
[201] [13:36:37 17-12-22] [GRABBER] -- : Trying to get user (1441315705) information
[202] [13:36:39 17-12-22] [GRABBER] -- : Trying to get user (6754486117) information
[203] [13:36:41 17-12-22] [GRABBER] -- : Trying to get user (1524028616) information
[204] [13:36:43 17-12-22] [GRABBER] -- : Trying to get user (35957643) information
[205] [13:36:45 17-12-22] [GRABBER] -- : Trying to get user (5879176794) information
[206] [13:36:47 17-12-22] [GRABBER] -- : Trying to get user (1340200735) information
[207] [13:36:49 17-12-22] [GRABBER] -- : Trying to get user (5938290116) information
[208] [13:36:51 17-12-22] [GRABBER] -- : Trying to get user (1771297619) information
[209] [13:36:53 17-12-22] [GRABBER] -- : Trying to get user (5747068002) information
[210] [13:36:55 17-12-22] [GRABBER] -- : Trying to get user (4542073809) information
[211] [13:36:57 17-12-22] [GRABBER] -- : Trying to get user (5921042440) information
[212] [13:36:59 17-12-22] [GRABBER] -- : Trying to get user (2201494864) information
[213] [13:37:01 17-12-22] [GRABBER] -- : Trying to get user (2935037430) information
[214] [13:37:03 17-12-22] [GRABBER] -- : Trying to get user (43523730) information
[215] [13:37:05 17-12-22] [GRABBER] -- : Trying to get user (341583499) information
[216] [13:37:07 17-12-22] [GRABBER] -- : Trying to get user (5399014939) information
[217] [13:37:09 17-12-22] [GRABBER] -- : Trying to get user (5575362385) information
[218] [13:37:11 17-12-22] [GRABBER] -- : Trying to get user (3079494501) information
[219] [13:37:13 17-12-22] [GRABBER] -- : Trying to get user (6671818127) information
[220] [13:37:15 17-12-22] [GRABBER] -- : Trying to get user (6213920619) information
[221] [13:37:17 17-12-22] [GRABBER] -- : Trying to get user (1316483915) information
[222] [13:37:19 17-12-22] [GRABBER] -- : Trying to get user (6313043123) information
[223] [13:37:21 17-12-22] [GRABBER] -- : Trying to get user (6139332984) information
[224] [13:37:23 17-12-22] [GRABBER] -- : Trying to get user (279103814) information
[225] [13:37:25 17-12-22] [GRABBER] -- : Trying to get user (176475390) information
[226] [13:37:27 17-12-22] [GRABBER] -- : Trying to get user (2071686804) information
[227] [13:37:29 17-12-22] [GRABBER] -- : Trying to get user (775619382) information
[228] [13:37:31 17-12-22] [GRABBER] -- : Trying to get user (2302190334) information
[229] [13:37:33 17-12-22] [GRABBER] -- : Trying to get user (1820212325) information
[230] [13:37:35 17-12-22] [GRABBER] -- : Trying to get user (4175810324) information
[231] [13:37:37 17-12-22] [GRABBER] -- : Trying to get user (311859162) information
[232] [13:37:39 17-12-22] [GRABBER] -- : Trying to get user (2260601822) information
[233] [13:37:41 17-12-22] [GRABBER] -- : Trying to get user (2504024099) information
[234] [13:37:43 17-12-22] [GRABBER] -- : Trying to get user (6444929458) information
[235] [13:37:45 17-12-22] [GRABBER] -- : Trying to get user (3595396933) information
[236] [13:37:47 17-12-22] [GRABBER] -- : Trying to get user (2108445768) information
[237] [13:37:49 17-12-22] [GRABBER] -- : Trying to get user (5003815095) information
[238] [13:37:51 17-12-22] [GRABBER] -- : Trying to get user (257757) information
[239] [13:37:53 17-12-22] [GRABBER] -- : Trying to get user (1595121148) information
[240] [13:37:55 17-12-22] [GRABBER] -- : Trying to get user (6139332984) information
[241] [13:37:57 17-12-22] [GRABBER] -- : Trying to get user (6749058108) information
[242] [13:37:59 17-12-22] [GRABBER] -- : Trying to get user (6341379165) information
[243] [13:38:01 17-12-22] [GRABBER] -- : Trying to get user (6391467280) information
[244] [13:38:03 17-12-22] [GRABBER] -- : Trying to get user (55356049) information
[245] [13:38:05 17-12-22] [GRABBER] -- : Trying to get user (2066974987) information
[246] [13:38:07 17-12-22] [GRABBER] -- : Trying to get user (6443724365) information
[247] [13:38:10 17-12-22] [GRABBER] -- : Trying to get user (1503839959) information
[248] [13:38:12 17-12-22] [GRABBER] -- : Trying to get user (6041490) information
[249] [13:38:14 17-12-22] [GRABBER] -- : Trying to get user (2135902816) information
[250] [13:38:16 17-12-22] [GRABBER] -- : Trying to get user (6226894424) information
[251] [13:38:18 17-12-22] [GRABBER] -- : Trying to get user (4332757080) information
[252] [13:38:20 17-12-22] [GRABBER] -- : Trying to get user (2135902816) information
[253] [13:38:22 17-12-22] [GRABBER] -- : Trying to get user (1775999675) information
[254] [13:38:24 17-12-22] [GRABBER] -- : Trying to get user (588377688) information
[255] [13:38:26 17-12-22] [GRABBER] -- : Trying to get user (604703203) information
[256] [13:38:28 17-12-22] [GRABBER] -- : Trying to get user (3637230321) information
[257] [13:38:30 17-12-22] [GRABBER] -- : Trying to get user (6159493650) information
[258] [13:38:32 17-12-22] [GRABBER] -- : Trying to get user (362830794) information
[259] [13:38:34 17-12-22] [GRABBER] -- : Trying to get user (4328421312) information
[260] [13:38:36 17-12-22] [GRABBER] -- : Trying to get user (2135902816) information
[261] [13:38:38 17-12-22] [GRABBER] -- : Trying to get user (1838438250) information
[262] [13:38:40 17-12-22] [GRABBER] -- : Trying to get user (1687669313) information
[263] [13:38:42 17-12-22] [GRABBER] -- : Trying to get user (2074496200) information
[264] [13:38:44 17-12-22] [GRABBER] -- : Trying to get user (1785157925) information
[265] [13:38:46 17-12-22] [GRABBER] -- : Trying to get user (639602898) information
[266] [13:38:48 17-12-22] [GRABBER] -- : Trying to get user (1441315705) information
[267] [13:38:50 17-12-22] [GRABBER] -- : Trying to get user (6754486117) information
[268] [13:38:52 17-12-22] [GRABBER] -- : Trying to get user (1524028616) information
[269] [13:38:54 17-12-22] [GRABBER] -- : Trying to get user (35957643) information
[270] [13:38:56 17-12-22] [GRABBER] -- : Trying to get user (5879176794) information
[271] [13:38:58 17-12-22] [GRABBER] -- : Trying to get user (1340200735) information
[272] [13:39:00 17-12-22] [GRABBER] -- : Trying to get user (5938290116) information
[273] [13:39:02 17-12-22] [GRABBER] -- : Trying to get user (1771297619) information
[274] [13:39:04 17-12-22] [GRABBER] -- : Trying to get user (5747068002) information
[275] [13:39:06 17-12-22] [GRABBER] -- : Trying to get user (4542073809) information
[276] [13:39:08 17-12-22] [GRABBER] -- : Trying to get user (5921042440) information
[277] [13:39:11 17-12-22] [GRABBER] -- : Trying to get user (2201494864) information
[278] [13:39:13 17-12-22] [GRABBER] -- : Trying to get user (2935037430) information
[279] [13:39:15 17-12-22] [GRABBER] -- : Trying to get user (43523730) information
[280] [13:39:17 17-12-22] [GRABBER] -- : Trying to get user (341583499) information
[281] [13:39:35 17-12-22] [GRABBER] -- : Trying to get user (5399014939) information
[282] [13:39:37 17-12-22] [GRABBER] -- : Trying to get user (1386257611) information
[283] [13:39:39 17-12-22] [GRABBER] -- : Trying to get user (5686143246) information
[284] [13:39:41 17-12-22] [GRABBER] -- : Trying to get user (1577546120) information
[285] [13:39:43 17-12-22] [GRABBER] -- : Trying to get user (195560427) information
[286] [13:39:51 17-12-22] [GRABBER] -- : Trying to get user (3431630292) information
[287] [13:39:54 17-12-22] [GRABBER] -- : Trying to get user (5445320496) information
[288] [13:39:56 17-12-22] [GRABBER] -- : Trying to get user (1504485329) information
[289] [13:39:58 17-12-22] [GRABBER] -- : Trying to get user (206179735) information
[290] [13:40:00 17-12-22] [GRABBER] -- : Trying to get user (1628397711) information
[291] [13:40:03 17-12-22] [GRABBER] -- : Trying to get user (199834544) information
[292] [13:40:05 17-12-22] [GRABBER] -- : Trying to get user (4558549453) information
[293] [13:40:07 17-12-22] [GRABBER] -- : Trying to get user (433525437) information
[294] [13:40:09 17-12-22] [GRABBER] -- : Trying to get user (25447260) information
[295] [13:40:11 17-12-22] [GRABBER] -- : Trying to get user (1401979055) information
[296] [13:40:13 17-12-22] [GRABBER] -- : Trying to get user (477252013) information
[297] [13:40:15 17-12-22] [GRABBER] -- : Trying to get user (322727075) information
[298] [13:40:17 17-12-22] [GRABBER] -- : Trying to get user (4976442777) information
[299] [13:40:19 17-12-22] [GRABBER] -- : Trying to get user (387419972) information
[300] [13:40:21 17-12-22] [GRABBER] -- : Trying to get user (2288478568) information
[301] [13:40:23 17-12-22] [GRABBER] -- : Trying to get user (259064551) information
[302] [13:40:25 17-12-22] [GRABBER] -- : Trying to get user (337172962) information
[303] [13:40:27 17-12-22] [GRABBER] -- : Trying to get user (539567337) information
[304] [13:40:30 17-12-22] [GRABBER] -- : Trying to get user (6544048034) information
[305] [13:40:32 17-12-22] [GRABBER] -- : Trying to get user (542491) information
[306] [13:40:34 17-12-22] [GRABBER] -- : Trying to get user (3078933112) information
[307] [13:40:36 17-12-22] [GRABBER] -- : Trying to get user (2024170115) information
[308] [13:40:38 17-12-22] [GRABBER] -- : Trying to get user (416995136) information
[309] [13:40:40 17-12-22] [GRABBER] -- : Trying to get user (4540871979) information
[310] [13:40:42 17-12-22] [GRABBER] -- : Trying to get user (1537245038) information
[311] [13:40:44 17-12-22] [GRABBER] -- : Trying to get user (333844010) information
[312] [13:40:46 17-12-22] [GRABBER] -- : Trying to get user (195522243) information
[313] [13:40:48 17-12-22] [GRABBER] -- : Trying to get user (1606615456) information
[314] [13:40:50 17-12-22] [GRABBER] -- : Trying to get user (225989310) information
[315] [13:40:52 17-12-22] [GRABBER] -- : Trying to get user (3175341264) information
[316] [13:40:55 17-12-22] [GRABBER] -- : Trying to get user (1904931832) information
[317] [13:40:57 17-12-22] [GRABBER] -- : Trying to get user (791406354) information
[318] [13:40:59 17-12-22] [GRABBER] -- : Trying to get user (284350580) information
[319] [13:41:01 17-12-22] [GRABBER] -- : Trying to get user (6051952137) information
[320] [13:41:03 17-12-22] [GRABBER] -- : Trying to get user (1400527307) information
[321] [13:41:05 17-12-22] [GRABBER] -- : Trying to get user (1960283190) information
[322] [13:41:07 17-12-22] [GRABBER] -- : Trying to get user (2295616547) information
[323] [13:41:09 17-12-22] [GRABBER] -- : Trying to get user (846165380) information
[324] [13:41:11 17-12-22] [GRABBER] -- : Trying to get user (4418009642) information
[325] [13:41:13 17-12-22] [GRABBER] -- : Trying to get user (1546332130) information
[326] [13:41:15 17-12-22] [GRABBER] -- : Trying to get user (1696741598) information
[327] [13:41:17 17-12-22] [GRABBER] -- : Trying to get user (410245126) information
[328] [13:41:19 17-12-22] [GRABBER] -- : Trying to get user (2007938660) information
[329] [13:41:21 17-12-22] [GRABBER] -- : Trying to get user (708961227) information
[330] [13:41:23 17-12-22] [GRABBER] -- : Trying to get user (6079234700) information
[331] [13:41:25 17-12-22] [GRABBER] -- : Trying to get user (1118499034) information
[332] [13:41:27 17-12-22] [GRABBER] -- : Trying to get user (2201886550) information
[333] [13:41:30 17-12-22] [GRABBER] -- : Trying to get user (5089166831) information
[334] [13:41:32 17-12-22] [GRABBER] -- : Trying to get user (478959326) information
[335] [13:41:34 17-12-22] [GRABBER] -- : Trying to get user (478959326) information
[336] [13:41:36 17-12-22] [GRABBER] -- : Trying to get user (478959326) information
[337] [13:41:38 17-12-22] [GRABBER] -- : Trying to get user (1496653077) information
[338] [13:41:40 17-12-22] [GRABBER] -- : Trying to get user (309172445) information
[339] [13:41:42 17-12-22] [GRABBER] -- : Trying to get user (289760075) information
[340] [13:41:44 17-12-22] [GRABBER] -- : Trying to get user (3402011640) information
[341] [13:41:46 17-12-22] [GRABBER] -- : Trying to get user (1928534875) information
[342] [13:41:48 17-12-22] [GRABBER] -- : Trying to get user (1113047388) information
[343] [13:41:50 17-12-22] [GRABBER] -- : Trying to get user (1386257611) information
[344] [13:41:52 17-12-22] [GRABBER] -- : Trying to get user (5686143246) information
[345] [13:41:54 17-12-22] [GRABBER] -- : Trying to get user (1577546120) information
[346] [13:41:56 17-12-22] [GRABBER] -- : Trying to get user (195560427) information
[347] [13:41:58 17-12-22] [GRABBER] -- : Trying to get user (3431630292) information
[348] [13:42:00 17-12-22] [GRABBER] -- : Trying to get user (5445320496) information
[349] [13:42:02 17-12-22] [GRABBER] -- : Trying to get user (1504485329) information
[350] [13:42:04 17-12-22] [GRABBER] -- : Trying to get user (206179735) information
[351] [13:42:06 17-12-22] [GRABBER] -- : Trying to get user (1628397711) information
[352] [13:42:08 17-12-22] [GRABBER] -- : Trying to get user (199834544) information
[353] [13:42:10 17-12-22] [GRABBER] -- : Trying to get user (4558549453) information
[354] [13:42:12 17-12-22] [GRABBER] -- : Trying to get user (433525437) information
[355] [13:42:14 17-12-22] [GRABBER] -- : Trying to get user (25447260) information
[356] [13:42:16 17-12-22] [GRABBER] -- : Trying to get user (1401979055) information
[357] [13:42:18 17-12-22] [GRABBER] -- : Trying to get user (477252013) information
[358] [13:42:20 17-12-22] [GRABBER] -- : Trying to get user (322727075) information
[359] [13:42:22 17-12-22] [GRABBER] -- : Trying to get user (4976442777) information
[360] [13:42:24 17-12-22] [GRABBER] -- : Trying to get user (387419972) information
[361] [13:42:26 17-12-22] [GRABBER] -- : Trying to get user (2288478568) information
[362] [13:42:28 17-12-22] [GRABBER] -- : Trying to get user (259064551) information
[363] [13:42:30 17-12-22] [GRABBER] -- : Trying to get user (337172962) information
[364] [13:42:32 17-12-22] [GRABBER] -- : Trying to get user (539567337) information
[365] [13:42:34 17-12-22] [GRABBER] -- : Trying to get user (6544048034) information
[366] [13:42:36 17-12-22] [GRABBER] -- : Trying to get user (542491) information
[367] [13:42:38 17-12-22] [GRABBER] -- : Trying to get user (3078933112) information
[368] [13:42:40 17-12-22] [GRABBER] -- : Trying to get user (2024170115) information
[369] [13:42:43 17-12-22] [GRABBER] -- : Trying to get user (416995136) information
[370] [13:42:45 17-12-22] [GRABBER] -- : Trying to get user (4540871979) information
[371] [13:42:47 17-12-22] [GRABBER] -- : Trying to get user (1537245038) information
[372] [13:42:49 17-12-22] [GRABBER] -- : Trying to get user (333844010) information
[373] [13:42:51 17-12-22] [GRABBER] -- : Trying to get user (195522243) information
[374] [13:42:53 17-12-22] [GRABBER] -- : Trying to get user (1606615456) information
[375] [13:42:55 17-12-22] [GRABBER] -- : Trying to get user (225989310) information
[376] [13:42:57 17-12-22] [GRABBER] -- : Trying to get user (3175341264) information
[377] [13:42:59 17-12-22] [GRABBER] -- : Trying to get user (1904931832) information
[378] [13:43:01 17-12-22] [GRABBER] -- : Trying to get user (791406354) information
[379] [13:43:03 17-12-22] [GRABBER] -- : Trying to get user (284350580) information
[380] [13:43:05 17-12-22] [GRABBER] -- : Trying to get user (6051952137) information
[381] [13:43:07 17-12-22] [GRABBER] -- : Trying to get user (1400527307) information
[382] [13:43:09 17-12-22] [GRABBER] -- : Trying to get user (1960283190) information
[383] [13:43:11 17-12-22] [GRABBER] -- : Trying to get user (2295616547) information
[384] [13:43:13 17-12-22] [GRABBER] -- : Trying to get user (846165380) information
[385] [13:43:15 17-12-22] [GRABBER] -- : Trying to get user (4418009642) information
[386] [13:43:17 17-12-22] [GRABBER] -- : Trying to get user (1546332130) information
[387] [13:43:20 17-12-22] [GRABBER] -- : Trying to get user (1696741598) information
[388] [13:43:22 17-12-22] [GRABBER] -- : Trying to get user (410245126) information
[389] [13:43:24 17-12-22] [GRABBER] -- : Trying to get user (2007938660) information
[390] [13:43:26 17-12-22] [GRABBER] -- : Trying to get user (708961227) information
[391] [13:43:28 17-12-22] [GRABBER] -- : Trying to get user (6079234700) information
[392] [13:43:30 17-12-22] [GRABBER] -- : Trying to get user (1118499034) information
[393] [13:43:32 17-12-22] [GRABBER] -- : Trying to get user (2201886550) information
[394] [13:43:34 17-12-22] [GRABBER] -- : Trying to get user (5089166831) information
[395] [13:43:36 17-12-22] [GRABBER] -- : Trying to get user (478959326) information
[396] [13:43:38 17-12-22] [GRABBER] -- : Trying to get user (478959326) information
[397] [13:43:40 17-12-22] [GRABBER] -- : Trying to get user (478959326) information
[398] [13:43:42 17-12-22] [GRABBER] -- : Trying to get user (1496653077) information
[399] [13:43:44 17-12-22] [GRABBER] -- : Trying to get user (309172445) information
[400] [13:43:46 17-12-22] [GRABBER] -- : Trying to get user (289760075) information
[401] [13:43:48 17-12-22] [GRABBER] -- : Trying to get user (3402011640) information
[402] [13:43:50 17-12-22] [GRABBER] -- : Trying to get user (1928534875) information
[403] [13:43:52 17-12-22] [GRABBER] -- : Trying to get user (1113047388) information
[404] [13:43:54 17-12-22] [GRABBER] -- : Trying to get user (2256349267) information
[405] [13:43:57 17-12-22] [GRABBER] -- : Trying to get user (2216076494) information
[406] [13:44:02 17-12-22] [GRABBER] -- : Trying to get user (6758921554) information
[407] [13:44:04 17-12-22] [GRABBER] -- : Trying to get user (3484007249) information
[408] [13:44:06 17-12-22] [GRABBER] -- : Trying to get user (230866688) information
[409] [13:44:08 17-12-22] [GRABBER] -- : Trying to get user (18753461) information
[410] [13:44:11 17-12-22] [GRABBER] -- : Trying to get user (5681286187) information
[411] [13:44:13 17-12-22] [GRABBER] -- : Trying to get user (6166474973) information
[412] [13:44:15 17-12-22] [GRABBER] -- : Trying to get user (3425112657) information
[413] [13:44:17 17-12-22] [GRABBER] -- : Trying to get user (6648473578) information
[414] [13:44:19 17-12-22] [GRABBER] -- : Trying to get user (2019933581) information
[415] [13:44:21 17-12-22] [GRABBER] -- : Trying to get user (6697167637) information
[416] [13:44:23 17-12-22] [GRABBER] -- : Trying to get user (1504485329) information
[417] [13:44:25 17-12-22] [GRABBER] -- : Trying to get user (2977532161) information
[418] [13:44:27 17-12-22] [GRABBER] -- : Trying to get user (3986735584) information
[419] [13:44:29 17-12-22] [GRABBER] -- : Trying to get user (4282439362) information
[420] [13:44:31 17-12-22] [GRABBER] -- : Trying to get user (3137399464) information
[421] [13:44:33 17-12-22] [GRABBER] -- : Trying to get user (653497654) information
[422] [13:44:35 17-12-22] [GRABBER] -- : Trying to get user (1398021679) information
[423] [13:44:37 17-12-22] [GRABBER] -- : Trying to get user (6667428637) information
[424] [13:44:39 17-12-22] [GRABBER] -- : Trying to get user (4058373414) information
[425] [13:44:41 17-12-22] [GRABBER] -- : Trying to get user (477252013) information
[426] [13:44:43 17-12-22] [GRABBER] -- : Trying to get user (5898731671) information
[427] [13:44:45 17-12-22] [GRABBER] -- : Trying to get user (3473617075) information
[428] [13:44:47 17-12-22] [GRABBER] -- : Trying to get user (29008128) information
[429] [13:44:49 17-12-22] [GRABBER] -- : Trying to get user (6440970844) information
[430] [13:44:51 17-12-22] [GRABBER] -- : Trying to get user (4282439362) information
[431] [13:44:53 17-12-22] [GRABBER] -- : Trying to get user (1523290679) information
[432] [13:44:55 17-12-22] [GRABBER] -- : Trying to get user (6754582197) information
[433] [13:44:57 17-12-22] [GRABBER] -- : Trying to get user (1521998639) information
[434] [13:44:59 17-12-22] [GRABBER] -- : Trying to get user (3679776130) information
[435] [13:45:01 17-12-22] [GRABBER] -- : Trying to get user (3011466659) information
[436] [13:45:03 17-12-22] [GRABBER] -- : Trying to get user (5360556578) information
[437] [13:45:05 17-12-22] [GRABBER] -- : Trying to get user (6051952137) information
[438] [13:45:08 17-12-22] [GRABBER] -- : Trying to get user (5675926561) information
[439] [13:45:10 17-12-22] [GRABBER] -- : Trying to get user (2297042655) information
[440] [13:45:12 17-12-22] [GRABBER] -- : Trying to get user (2007938660) information
[441] [13:45:14 17-12-22] [GRABBER] -- : Trying to get user (1944739674) information
[442] [13:45:16 17-12-22] [GRABBER] -- : Trying to get user (6468639896) information
[443] [13:45:18 17-12-22] [GRABBER] -- : Trying to get user (4282439362) information
[444] [13:45:20 17-12-22] [GRABBER] -- : Trying to get user (4035267385) information
[445] [13:45:22 17-12-22] [GRABBER] -- : Trying to get user (208387821) information
[446] [13:45:24 17-12-22] [GRABBER] -- : Trying to get user (4106092137) information
[447] [13:45:26 17-12-22] [GRABBER] -- : Trying to get user (1564722577) information
[448] [13:45:28 17-12-22] [GRABBER] -- : Trying to get user (4296338110) information
[449] [13:45:30 17-12-22] [GRABBER] -- : Trying to get user (5652331965) information
[450] [13:45:32 17-12-22] [GRABBER] -- : Trying to get user (4282439362) information
[451] [13:45:34 17-12-22] [GRABBER] -- : Trying to get user (221173168) information
[452] [13:45:36 17-12-22] [GRABBER] -- : Trying to get user (5428974006) information
[453] [13:45:38 17-12-22] [GRABBER] -- : Trying to get user (255882885) information
[454] [13:45:40 17-12-22] [GRABBER] -- : Trying to get user (1391929419) information
[455] [13:45:43 17-12-22] [GRABBER] -- : Trying to get user (190011384) information
[456] [13:45:45 17-12-22] [GRABBER] -- : Trying to get user (197557355) information
[457] [13:45:47 17-12-22] [GRABBER] -- : Trying to get user (2210388) information
[458] [13:45:49 17-12-22] [GRABBER] -- : Trying to get user (300495862) information
[459] [13:45:51 17-12-22] [GRABBER] -- : Trying to get user (300495862) information
[460] [13:45:53 17-12-22] [GRABBER] -- : Trying to get user (1489034162) information
[461] [13:45:55 17-12-22] [GRABBER] -- : Trying to get user (6321527164) information
[462] [13:45:57 17-12-22] [GRABBER] -- : Trying to get user (1176279450) information
[463] [13:45:59 17-12-22] [GRABBER] -- : Trying to get user (2065621108) information
[464] [13:46:01 17-12-22] [GRABBER] -- : Trying to get user (3192809806) information
[465] [13:46:04 17-12-22] [GRABBER] -- : Trying to get user (570256059) information
[466] [13:46:06 17-12-22] [GRABBER] -- : Trying to get user (2256349267) information
[467] [13:46:08 17-12-22] [GRABBER] -- : Trying to get user (2216076494) information
[468] [13:46:10 17-12-22] [GRABBER] -- : Trying to get user (6758921554) information
[469] [13:46:12 17-12-22] [GRABBER] -- : Trying to get user (3484007249) information
[470] [13:46:14 17-12-22] [GRABBER] -- : Trying to get user (230866688) information
[471] [13:46:16 17-12-22] [GRABBER] -- : Trying to get user (18753461) information
[472] [13:46:18 17-12-22] [GRABBER] -- : Trying to get user (5681286187) information
[473] [13:46:20 17-12-22] [GRABBER] -- : Trying to get user (6166474973) information
[474] [13:46:22 17-12-22] [GRABBER] -- : Trying to get user (3425112657) information
[475] [13:46:24 17-12-22] [GRABBER] -- : Trying to get user (6648473578) information
[476] [13:46:26 17-12-22] [GRABBER] -- : Trying to get user (2019933581) information
[477] [13:46:28 17-12-22] [GRABBER] -- : Trying to get user (6697167637) information
[478] [13:46:30 17-12-22] [GRABBER] -- : Trying to get user (1504485329) information
[479] [13:46:32 17-12-22] [GRABBER] -- : Trying to get user (2977532161) information
[480] [13:46:34 17-12-22] [GRABBER] -- : Trying to get user (3986735584) information
[481] [13:46:36 17-12-22] [GRABBER] -- : Trying to get user (4282439362) information
[482] [13:46:38 17-12-22] [GRABBER] -- : Trying to get user (3137399464) information
[483] [13:46:40 17-12-22] [GRABBER] -- : Trying to get user (653497654) information
[484] [13:46:42 17-12-22] [GRABBER] -- : Trying to get user (1398021679) information
[485] [13:46:44 17-12-22] [GRABBER] -- : Trying to get user (6667428637) information
[486] [13:46:46 17-12-22] [GRABBER] -- : Trying to get user (4058373414) information
[487] [13:46:48 17-12-22] [GRABBER] -- : Trying to get user (477252013) information
[488] [13:46:50 17-12-22] [GRABBER] -- : Trying to get user (5898731671) information
[489] [13:46:52 17-12-22] [GRABBER] -- : Trying to get user (3473617075) information
[490] [13:46:54 17-12-22] [GRABBER] -- : Trying to get user (29008128) information
[491] [13:46:56 17-12-22] [GRABBER] -- : Trying to get user (6440970844) information
[492] [13:46:58 17-12-22] [GRABBER] -- : Trying to get user (4282439362) information
[493] [13:47:00 17-12-22] [GRABBER] -- : Trying to get user (1523290679) information
[494] [13:47:02 17-12-22] [GRABBER] -- : Trying to get user (6754582197) information
[495] [13:47:04 17-12-22] [GRABBER] -- : Trying to get user (1521998639) information
[496] [13:47:06 17-12-22] [GRABBER] -- : Trying to get user (3679776130) information
[497] [13:47:08 17-12-22] [GRABBER] -- : Trying to get user (3011466659) information
[498] [13:47:10 17-12-22] [GRABBER] -- : Trying to get user (5360556578) information
[499] [13:47:12 17-12-22] [GRABBER] -- : Trying to get user (6051952137) information
[500] [13:47:14 17-12-22] [GRABBER] -- : Trying to get user (5675926561) information
[501] [13:47:16 17-12-22] [GRABBER] -- : Trying to get user (2297042655) information
[502] [13:47:18 17-12-22] [GRABBER] -- : Trying to get user (2007938660) information
[503] [13:47:20 17-12-22] [GRABBER] -- : Trying to get user (1944739674) information
[504] [13:47:22 17-12-22] [GRABBER] -- : Trying to get user (6468639896) information
[505] [13:47:24 17-12-22] [GRABBER] -- : Trying to get user (4282439362) information
[506] [13:47:26 17-12-22] [GRABBER] -- : Trying to get user (4035267385) information
[507] [13:47:28 17-12-22] [GRABBER] -- : Trying to get user (208387821) information
[508] [13:47:30 17-12-22] [GRABBER] -- : Trying to get user (4106092137) information
[509] [13:47:32 17-12-22] [GRABBER] -- : Trying to get user (1564722577) information
[510] [13:47:34 17-12-22] [GRABBER] -- : Trying to get user (4296338110) information
[511] [13:47:37 17-12-22] [GRABBER] -- : Trying to get user (5652331965) information
[512] [13:47:39 17-12-22] [GRABBER] -- : Trying to get user (4282439362) information
[513] [13:47:41 17-12-22] [GRABBER] -- : Trying to get user (221173168) information
[514] [13:47:43 17-12-22] [GRABBER] -- : Trying to get user (5428974006) information
[515] [13:47:45 17-12-22] [GRABBER] -- : Trying to get user (255882885) information
[516] [13:47:47 17-12-22] [GRABBER] -- : Trying to get user (1391929419) information
[517] [13:47:49 17-12-22] [GRABBER] -- : Trying to get user (190011384) information
[518] [13:47:51 17-12-22] [GRABBER] -- : Trying to get user (197557355) information
[519] [13:47:53 17-12-22] [GRABBER] -- : Trying to get user (2210388) information
[520] [13:47:55 17-12-22] [GRABBER] -- : Trying to get user (300495862) information
[521] [13:47:57 17-12-22] [GRABBER] -- : Trying to get user (300495862) information
[522] [13:47:59 17-12-22] [GRABBER] -- : Trying to get user (1489034162) information
[523] [13:48:01 17-12-22] [GRABBER] -- : Trying to get user (6321527164) information
[524] [13:48:03 17-12-22] [GRABBER] -- : Trying to get user (1176279450) information
[525] [13:48:05 17-12-22] [GRABBER] -- : Trying to get user (2065621108) information
[526] [13:48:07 17-12-22] [GRABBER] -- : Trying to get user (3192809806) information
[527] [13:48:09 17-12-22] [GRABBER] -- : Trying to get user (570256059) information
[528] [13:48:11 17-12-22] [GRABBER] -- : Trying to get user (1657839502) information
[529] [13:48:13 17-12-22] [GRABBER] -- : Trying to get user (1975046777) information
[530] [13:48:15 17-12-22] [GRABBER] -- : Trying to get user (1913385358) information
[531] [13:48:17 17-12-22] [GRABBER] -- : Trying to get user (5001962180) information
[532] [13:48:19 17-12-22] [GRABBER] -- : Trying to get user (13381058) information
[533] [13:48:21 17-12-22] [GRABBER] -- : Trying to get user (5398357433) information
[534] [13:48:23 17-12-22] [GRABBER] -- : Trying to get user (2950723940) information
[535] [13:48:25 17-12-22] [GRABBER] -- : Trying to get user (4825096268) information
[536] [13:48:27 17-12-22] [GRABBER] -- : Trying to get user (3088479945) information
[537] [13:48:29 17-12-22] [GRABBER] -- : Trying to get user (6325881947) information
[538] [13:48:31 17-12-22] [GRABBER] -- : Trying to get user (1272323217) information
[539] [13:48:33 17-12-22] [GRABBER] -- : Trying to get user (38295817) information
[540] [13:48:48 17-12-22] [GRABBER] -- : Trying to get user (6769771407) information
[541] [13:48:59 17-12-22] [GRABBER] -- : Trying to get user (364580507) information
[542] [13:49:01 17-12-22] [GRABBER] -- : Trying to get user (578921516) information
[543] [13:49:03 17-12-22] [GRABBER] -- : Trying to get user (1758390655) information
[544] [13:49:05 17-12-22] [GRABBER] -- : Trying to get user (1257199051) information
[545] [13:49:07 17-12-22] [GRABBER] -- : Trying to get user (636516272) information
[546] [13:49:09 17-12-22] [GRABBER] -- : Trying to get user (5363298651) information
[547] [13:49:11 17-12-22] [GRABBER] -- : Trying to get user (1809992179) information
[548] [13:49:13 17-12-22] [GRABBER] -- : Trying to get user (6008503362) information
[549] [13:49:15 17-12-22] [GRABBER] -- : Trying to get user (566560798) information
[550] [13:49:17 17-12-22] [GRABBER] -- : Trying to get user (3897411185) information
[551] [13:49:19 17-12-22] [GRABBER] -- : Trying to get user (3637634969) information
[552] [13:49:21 17-12-22] [GRABBER] -- : Trying to get user (357343961) information
[553] [13:49:23 17-12-22] [GRABBER] -- : Trying to get user (367047603) information
[554] [13:49:26 17-12-22] [GRABBER] -- : Trying to get user (1257199051) information
[555] [13:49:28 17-12-22] [GRABBER] -- : Trying to get user (4210515082) information
[556] [13:49:30 17-12-22] [GRABBER] -- : Trying to get user (5627983706) information
[557] [13:49:32 17-12-22] [GRABBER] -- : Trying to get user (4968082746) information
[558] [13:49:34 17-12-22] [GRABBER] -- : Trying to get user (3898912945) information
[559] [13:49:36 17-12-22] [GRABBER] -- : Trying to get user (1497842417) information
[560] [13:49:38 17-12-22] [GRABBER] -- : Trying to get user (1174050782) information
[561] [13:49:40 17-12-22] [GRABBER] -- : Trying to get user (3571587467) information
[562] [13:49:42 17-12-22] [GRABBER] -- : Trying to get user (4802760824) information
[563] [13:49:44 17-12-22] [GRABBER] -- : Trying to get user (1257199051) information
[564] [13:49:46 17-12-22] [GRABBER] -- : Trying to get user (3583410988) information
[565] [13:49:48 17-12-22] [GRABBER] -- : Trying to get user (2150621509) information
[566] [13:49:50 17-12-22] [GRABBER] -- : Trying to get user (225989310) information
[567] [13:49:52 17-12-22] [GRABBER] -- : Trying to get user (1219488268) information
